The target system is: Linux -  - 
The host system is: Linux - 2.6.23.1-42.fc8 - i686
Compiling the C compiler identification source file "CMakeCCompilerId.c" succeeded.
Compiler: /opt/hisi-linux/x86-arm/arm-hisiv300-linux/target/bin/arm-hisiv300-linux-gcc 
Build flags: 
Id flags: 

The output was:
0


Compilation of the C compiler identification source "CMakeCCompilerId.c" produced "a.out"

The C compiler identification is GNU, found in "/HISI/ARMLinux/Hi3536_SDK_V1.0.3.0/package/mpp/SeetaFaceEngine/FaceIdentification/build/CMakeFiles/3.2.2/CompilerIdC/a.out"

Compiling the CXX compiler identification source file "CMakeCXXCompilerId.cpp" succeeded.
Compiler: /opt/hisi-linux/x86-arm/arm-hisiv300-linux/target/bin/arm-hisiv300-linux-g++ 
Build flags: 
Id flags: 

The output was:
0


Compilation of the CXX compiler identification source "CMakeCXXCompilerId.cpp" produced "a.out"

The CXX compiler identification is GNU, found in "/HISI/ARMLinux/Hi3536_SDK_V1.0.3.0/package/mpp/SeetaFaceEngine/FaceIdentification/build/CMakeFiles/3.2.2/CompilerIdCXX/a.out"

Determining if the C compiler works passed with the following output:
Change Dir: /HISI/ARMLinux/Hi3536_SDK_V1.0.3.0/package/mpp/SeetaFaceEngine/FaceIdentification/build/CMakeFiles/CMakeTmp

Run Build Command:"/usr/bin/gmake" "cmTryCompileExec4047586089/fast"
/usr/bin/gmake -f CMakeFiles/cmTryCompileExec4047586089.dir/build.make CMakeFiles/cmTryCompileExec4047586089.dir/build
gmake[1]: Entering directory `/HISI/ARMLinux/Hi3536_SDK_V1.0.3.0/package/mpp/SeetaFaceEngine/FaceIdentification/build/CMakeFiles/CMakeTmp'
/usr/local/bin/cmake -E cmake_progress_report /HISI/ARMLinux/Hi3536_SDK_V1.0.3.0/package/mpp/SeetaFaceEngine/FaceIdentification/build/CMakeFiles/CMakeTmp/CMakeFiles 1
Building C object CMakeFiles/cmTryCompileExec4047586089.dir/testCCompiler.c.o
/opt/hisi-linux/x86-arm/arm-hisiv300-linux/target/bin/arm-hisiv300-linux-gcc    -o CMakeFiles/cmTryCompileExec4047586089.dir/testCCompiler.c.o   -c /HISI/ARMLinux/Hi3536_SDK_V1.0.3.0/package/mpp/SeetaFaceEngine/FaceIdentification/build/CMakeFiles/CMakeTmp/testCCompiler.c
Linking C executable cmTryCompileExec4047586089
/usr/local/bin/cmake -E cmake_link_script CMakeFiles/cmTryCompileExec4047586089.dir/link.txt --verbose=1
/opt/hisi-linux/x86-arm/arm-hisiv300-linux/target/bin/arm-hisiv300-linux-gcc       CMakeFiles/cmTryCompileExec4047586089.dir/testCCompiler.c.o  -o cmTryCompileExec4047586089 -rdynamic 
gmake[1]: Leaving directory `/HISI/ARMLinux/Hi3536_SDK_V1.0.3.0/package/mpp/SeetaFaceEngine/FaceIdentification/build/CMakeFiles/CMakeTmp'


Detecting C compiler ABI info compiled with the following output:
Change Dir: /HISI/ARMLinux/Hi3536_SDK_V1.0.3.0/package/mpp/SeetaFaceEngine/FaceIdentification/build/CMakeFiles/CMakeTmp

Run Build Command:"/usr/bin/gmake" "cmTryCompileExec2457949892/fast"
/usr/bin/gmake -f CMakeFiles/cmTryCompileExec2457949892.dir/build.make CMakeFiles/cmTryCompileExec2457949892.dir/build
gmake[1]: Entering directory `/HISI/ARMLinux/Hi3536_SDK_V1.0.3.0/package/mpp/SeetaFaceEngine/FaceIdentification/build/CMakeFiles/CMakeTmp'
/usr/local/bin/cmake -E cmake_progress_report /HISI/ARMLinux/Hi3536_SDK_V1.0.3.0/package/mpp/SeetaFaceEngine/FaceIdentification/build/CMakeFiles/CMakeTmp/CMakeFiles 1
Building C object CMakeFiles/cmTryCompileExec2457949892.dir/CMakeCCompilerABI.c.o
/opt/hisi-linux/x86-arm/arm-hisiv300-linux/target/bin/arm-hisiv300-linux-gcc    -o CMakeFiles/cmTryCompileExec2457949892.dir/CMakeCCompilerABI.c.o   -c /usr/local/share/cmake-3.2/Modules/CMakeCCompilerABI.c
Linking C executable cmTryCompileExec2457949892
/usr/local/bin/cmake -E cmake_link_script CMakeFiles/cmTryCompileExec2457949892.dir/link.txt --verbose=1
/opt/hisi-linux/x86-arm/arm-hisiv300-linux/target/bin/arm-hisiv300-linux-gcc      -v CMakeFiles/cmTryCompileExec2457949892.dir/CMakeCCompilerABI.c.o  -o cmTryCompileExec2457949892 -rdynamic  
Using built-in specs.
COLLECT_GCC=/opt/hisi-linux/x86-arm/arm-hisiv300-linux/target/bin/arm-hisiv300-linux-gcc
COLLECT_LTO_WRAPPER=/opt/hisi-linux/x86-arm/arm-hisiv300-linux/bin/../libexec/gcc/arm-hisiv300-linux-uclibcgnueabi/4.8.3/lto-wrapper
Target: arm-hisiv300-linux-uclibcgnueabi
Configured with: '../gcc~linaro-4.8-2013.12/configure' --host=i386-redhat-linux --build=i386-redhat-linux --target=arm-hisiv300-linux-uclibcgnueabi --prefix=/home/sying/wucaiyuan_toolchain/v300/uclibc_gcc4.8_linaro_toolchain_optimized/install/arm-hisiv300-linux --enable-threads --disable-libmudflap --disable-libssp --disable-libstdcxx-pch --with-arch=armv5te --with-gnu-as --with-gnu-ld --enable-languages=c,c++ --enable-shared --enable-lto --enable-symvers=gnu --enable-__cxa_atexit --enable-nls --enable-clocale=gnu --enable-extra-hisi-multilibs --with-sysroot=/home/sying/wucaiyuan_toolchain/v300/uclibc_gcc4.8_linaro_toolchain_optimized/install/arm-hisiv300-linux/target --with-build-sysroot=/home/sying/wucaiyuan_toolchain/v300/uclibc_gcc4.8_linaro_toolchain_optimized/install/arm-hisiv300-linux/target --with-gmp=/home/sying/wucaiyuan_toolchain/v300/uclibc_gcc4.8_linaro_toolchain_optimized/install/host_lib --with-mpfr=/home/sying/wucaiyuan_toolchain/v300/uclibc_gcc4.8_linaro_toolchain_optimized/install/host_lib --with-mpc=/home/sying/wucaiyuan_toolchain/v300/uclibc_gcc4.8_linaro_toolchain_optimized/install/host_lib --with-ppl=/home/sying/wucaiyuan_toolchain/v300/uclibc_gcc4.8_linaro_toolchain_optimized/install/host_lib --with-cloog=/home/sying/wucaiyuan_toolchain/v300/uclibc_gcc4.8_linaro_toolchain_optimized/install/host_lib --with-libelf=/home/sying/wucaiyuan_toolchain/v300/uclibc_gcc4.8_linaro_toolchain_optimized/install/host_lib --enable-libgomp --disable-libitm --enable-poison-system-directories --with-libelf=/home/sying/wucaiyuan_toolchain/v300/uclibc_gcc4.8_linaro_toolchain_optimized/install/host_lib --with-pkgversion=Hisilicon_v300 --with-bugurl=http://www.hisilicon.com/cn/service/claim.html
Thread model: posix
gcc version 4.8.3 20131202 (prerelease) (Hisilicon_v300) 
COMPILER_PATH=/opt/hisi-linux/x86-arm/arm-hisiv300-linux/bin/../libexec/gcc/arm-hisiv300-linux-uclibcgnueabi/4.8.3/:/opt/hisi-linux/x86-arm/arm-hisiv300-linux/bin/../libexec/gcc/:/opt/hisi-linux/x86-arm/arm-hisiv300-linux/bin/../lib/gcc/arm-hisiv300-linux-uclibcgnueabi/4.8.3/../../../../arm-hisiv300-linux-uclibcgnueabi/bin/
LIBRARY_PATH=/opt/hisi-linux/x86-arm/arm-hisiv300-linux/bin/../lib/gcc/arm-hisiv300-linux-uclibcgnueabi/4.8.3/:/opt/hisi-linux/x86-arm/arm-hisiv300-linux/bin/../lib/gcc/:/opt/hisi-linux/x86-arm/arm-hisiv300-linux/bin/../lib/gcc/arm-hisiv300-linux-uclibcgnueabi/4.8.3/../../../../arm-hisiv300-linux-uclibcgnueabi/lib/:/opt/hisi-linux/x86-arm/arm-hisiv300-linux/bin/../target/lib/:/opt/hisi-linux/x86-arm/arm-hisiv300-linux/bin/../target/usr/lib/
COLLECT_GCC_OPTIONS='-v' '-o' 'cmTryCompileExec2457949892' '-rdynamic' '-march=armv5te' '-mtls-dialect=gnu'
 /opt/hisi-linux/x86-arm/arm-hisiv300-linux/bin/../libexec/gcc/arm-hisiv300-linux-uclibcgnueabi/4.8.3/collect2 --sysroot=/opt/hisi-linux/x86-arm/arm-hisiv300-linux/bin/../target --eh-frame-hdr -export-dynamic -dynamic-linker /lib/ld-uClibc.so.0 -X -m armelf_linux_eabi -o cmTryCompileExec2457949892 /opt/hisi-linux/x86-arm/arm-hisiv300-linux/bin/../target/usr/lib/crt1.o /opt/hisi-linux/x86-arm/arm-hisiv300-linux/bin/../target/usr/lib/crti.o /opt/hisi-linux/x86-arm/arm-hisiv300-linux/bin/../lib/gcc/arm-hisiv300-linux-uclibcgnueabi/4.8.3/crtbegin.o -L/opt/hisi-linux/x86-arm/arm-hisiv300-linux/bin/../lib/gcc/arm-hisiv300-linux-uclibcgnueabi/4.8.3 -L/opt/hisi-linux/x86-arm/arm-hisiv300-linux/bin/../lib/gcc -L/opt/hisi-linux/x86-arm/arm-hisiv300-linux/bin/../lib/gcc/arm-hisiv300-linux-uclibcgnueabi/4.8.3/../../../../arm-hisiv300-linux-uclibcgnueabi/lib -L/opt/hisi-linux/x86-arm/arm-hisiv300-linux/bin/../target/lib -L/opt/hisi-linux/x86-arm/arm-hisiv300-linux/bin/../target/usr/lib CMakeFiles/cmTryCompileExec2457949892.dir/CMakeCCompilerABI.c.o -lgcc --as-needed -lgcc_s --no-as-needed -lc -lgcc --as-needed -lgcc_s --no-as-needed /opt/hisi-linux/x86-arm/arm-hisiv300-linux/bin/../lib/gcc/arm-hisiv300-linux-uclibcgnueabi/4.8.3/crtend.o /opt/hisi-linux/x86-arm/arm-hisiv300-linux/bin/../target/usr/lib/crtn.o
gmake[1]: Leaving directory `/HISI/ARMLinux/Hi3536_SDK_V1.0.3.0/package/mpp/SeetaFaceEngine/FaceIdentification/build/CMakeFiles/CMakeTmp'


Parsed C implicit link information from above output:
  link line regex: [^( *|.*[/\])(arm-hisiv300-linux-ld|([^/\]+-)?ld|collect2)[^/\]*( |$)]
  ignore line: [Change Dir: /HISI/ARMLinux/Hi3536_SDK_V1.0.3.0/package/mpp/SeetaFaceEngine/FaceIdentification/build/CMakeFiles/CMakeTmp]
  ignore line: []
  ignore line: [Run Build Command:"/usr/bin/gmake" "cmTryCompileExec2457949892/fast"]
  ignore line: [/usr/bin/gmake -f CMakeFiles/cmTryCompileExec2457949892.dir/build.make CMakeFiles/cmTryCompileExec2457949892.dir/build]
  ignore line: [gmake[1]: Entering directory `/HISI/ARMLinux/Hi3536_SDK_V1.0.3.0/package/mpp/SeetaFaceEngine/FaceIdentification/build/CMakeFiles/CMakeTmp']
  ignore line: [/usr/local/bin/cmake -E cmake_progress_report /HISI/ARMLinux/Hi3536_SDK_V1.0.3.0/package/mpp/SeetaFaceEngine/FaceIdentification/build/CMakeFiles/CMakeTmp/CMakeFiles 1]
  ignore line: [Building C object CMakeFiles/cmTryCompileExec2457949892.dir/CMakeCCompilerABI.c.o]
  ignore line: [/opt/hisi-linux/x86-arm/arm-hisiv300-linux/target/bin/arm-hisiv300-linux-gcc    -o CMakeFiles/cmTryCompileExec2457949892.dir/CMakeCCompilerABI.c.o   -c /usr/local/share/cmake-3.2/Modules/CMakeCCompilerABI.c]
  ignore line: [Linking C executable cmTryCompileExec2457949892]
  ignore line: [/usr/local/bin/cmake -E cmake_link_script CMakeFiles/cmTryCompileExec2457949892.dir/link.txt --verbose=1]
  ignore line: [/opt/hisi-linux/x86-arm/arm-hisiv300-linux/target/bin/arm-hisiv300-linux-gcc      -v CMakeFiles/cmTryCompileExec2457949892.dir/CMakeCCompilerABI.c.o  -o cmTryCompileExec2457949892 -rdynamic  ]
  ignore line: [Using built-in specs.]
  ignore line: [COLLECT_GCC=/opt/hisi-linux/x86-arm/arm-hisiv300-linux/target/bin/arm-hisiv300-linux-gcc]
  ignore line: [COLLECT_LTO_WRAPPER=/opt/hisi-linux/x86-arm/arm-hisiv300-linux/bin/../libexec/gcc/arm-hisiv300-linux-uclibcgnueabi/4.8.3/lto-wrapper]
  ignore line: [Target: arm-hisiv300-linux-uclibcgnueabi]
  ignore line: [Configured with: '../gcc~linaro-4.8-2013.12/configure' --host=i386-redhat-linux --build=i386-redhat-linux --target=arm-hisiv300-linux-uclibcgnueabi --prefix=/home/sying/wucaiyuan_toolchain/v300/uclibc_gcc4.8_linaro_toolchain_optimized/install/arm-hisiv300-linux --enable-threads --disable-libmudflap --disable-libssp --disable-libstdcxx-pch --with-arch=armv5te --with-gnu-as --with-gnu-ld --enable-languages=c,c++ --enable-shared --enable-lto --enable-symvers=gnu --enable-__cxa_atexit --enable-nls --enable-clocale=gnu --enable-extra-hisi-multilibs --with-sysroot=/home/sying/wucaiyuan_toolchain/v300/uclibc_gcc4.8_linaro_toolchain_optimized/install/arm-hisiv300-linux/target --with-build-sysroot=/home/sying/wucaiyuan_toolchain/v300/uclibc_gcc4.8_linaro_toolchain_optimized/install/arm-hisiv300-linux/target --with-gmp=/home/sying/wucaiyuan_toolchain/v300/uclibc_gcc4.8_linaro_toolchain_optimized/install/host_lib --with-mpfr=/home/sying/wucaiyuan_toolchain/v300/uclibc_gcc4.8_linaro_toolchain_optimized/install/host_lib --with-mpc=/home/sying/wucaiyuan_toolchain/v300/uclibc_gcc4.8_linaro_toolchain_optimized/install/host_lib --with-ppl=/home/sying/wucaiyuan_toolchain/v300/uclibc_gcc4.8_linaro_toolchain_optimized/install/host_lib --with-cloog=/home/sying/wucaiyuan_toolchain/v300/uclibc_gcc4.8_linaro_toolchain_optimized/install/host_lib --with-libelf=/home/sying/wucaiyuan_toolchain/v300/uclibc_gcc4.8_linaro_toolchain_optimized/install/host_lib --enable-libgomp --disable-libitm --enable-poison-system-directories --with-libelf=/home/sying/wucaiyuan_toolchain/v300/uclibc_gcc4.8_linaro_toolchain_optimized/install/host_lib --with-pkgversion=Hisilicon_v300 --with-bugurl=http://www.hisilicon.com/cn/service/claim.html]
  ignore line: [Thread model: posix]
  ignore line: [gcc version 4.8.3 20131202 (prerelease) (Hisilicon_v300) ]
  ignore line: [COMPILER_PATH=/opt/hisi-linux/x86-arm/arm-hisiv300-linux/bin/../libexec/gcc/arm-hisiv300-linux-uclibcgnueabi/4.8.3/:/opt/hisi-linux/x86-arm/arm-hisiv300-linux/bin/../libexec/gcc/:/opt/hisi-linux/x86-arm/arm-hisiv300-linux/bin/../lib/gcc/arm-hisiv300-linux-uclibcgnueabi/4.8.3/../../../../arm-hisiv300-linux-uclibcgnueabi/bin/]
  ignore line: [LIBRARY_PATH=/opt/hisi-linux/x86-arm/arm-hisiv300-linux/bin/../lib/gcc/arm-hisiv300-linux-uclibcgnueabi/4.8.3/:/opt/hisi-linux/x86-arm/arm-hisiv300-linux/bin/../lib/gcc/:/opt/hisi-linux/x86-arm/arm-hisiv300-linux/bin/../lib/gcc/arm-hisiv300-linux-uclibcgnueabi/4.8.3/../../../../arm-hisiv300-linux-uclibcgnueabi/lib/:/opt/hisi-linux/x86-arm/arm-hisiv300-linux/bin/../target/lib/:/opt/hisi-linux/x86-arm/arm-hisiv300-linux/bin/../target/usr/lib/]
  ignore line: [COLLECT_GCC_OPTIONS='-v' '-o' 'cmTryCompileExec2457949892' '-rdynamic' '-march=armv5te' '-mtls-dialect=gnu']
  link line: [ /opt/hisi-linux/x86-arm/arm-hisiv300-linux/bin/../libexec/gcc/arm-hisiv300-linux-uclibcgnueabi/4.8.3/collect2 --sysroot=/opt/hisi-linux/x86-arm/arm-hisiv300-linux/bin/../target --eh-frame-hdr -export-dynamic -dynamic-linker /lib/ld-uClibc.so.0 -X -m armelf_linux_eabi -o cmTryCompileExec2457949892 /opt/hisi-linux/x86-arm/arm-hisiv300-linux/bin/../target/usr/lib/crt1.o /opt/hisi-linux/x86-arm/arm-hisiv300-linux/bin/../target/usr/lib/crti.o /opt/hisi-linux/x86-arm/arm-hisiv300-linux/bin/../lib/gcc/arm-hisiv300-linux-uclibcgnueabi/4.8.3/crtbegin.o -L/opt/hisi-linux/x86-arm/arm-hisiv300-linux/bin/../lib/gcc/arm-hisiv300-linux-uclibcgnueabi/4.8.3 -L/opt/hisi-linux/x86-arm/arm-hisiv300-linux/bin/../lib/gcc -L/opt/hisi-linux/x86-arm/arm-hisiv300-linux/bin/../lib/gcc/arm-hisiv300-linux-uclibcgnueabi/4.8.3/../../../../arm-hisiv300-linux-uclibcgnueabi/lib -L/opt/hisi-linux/x86-arm/arm-hisiv300-linux/bin/../target/lib -L/opt/hisi-linux/x86-arm/arm-hisiv300-linux/bin/../target/usr/lib CMakeFiles/cmTryCompileExec2457949892.dir/CMakeCCompilerABI.c.o -lgcc --as-needed -lgcc_s --no-as-needed -lc -lgcc --as-needed -lgcc_s --no-as-needed /opt/hisi-linux/x86-arm/arm-hisiv300-linux/bin/../lib/gcc/arm-hisiv300-linux-uclibcgnueabi/4.8.3/crtend.o /opt/hisi-linux/x86-arm/arm-hisiv300-linux/bin/../target/usr/lib/crtn.o]
    arg [/opt/hisi-linux/x86-arm/arm-hisiv300-linux/bin/../libexec/gcc/arm-hisiv300-linux-uclibcgnueabi/4.8.3/collect2] ==> ignore
    arg [--sysroot=/opt/hisi-linux/x86-arm/arm-hisiv300-linux/bin/../target] ==> ignore
    arg [--eh-frame-hdr] ==> ignore
    arg [-export-dynamic] ==> ignore
    arg [-dynamic-linker] ==> ignore
    arg [/lib/ld-uClibc.so.0] ==> ignore
    arg [-X] ==> ignore
    arg [-m] ==> ignore
    arg [armelf_linux_eabi] ==> ignore
    arg [-o] ==> ignore
    arg [cmTryCompileExec2457949892] ==> ignore
    arg [/opt/hisi-linux/x86-arm/arm-hisiv300-linux/bin/../target/usr/lib/crt1.o] ==> ignore
    arg [/opt/hisi-linux/x86-arm/arm-hisiv300-linux/bin/../target/usr/lib/crti.o] ==> ignore
    arg [/opt/hisi-linux/x86-arm/arm-hisiv300-linux/bin/../lib/gcc/arm-hisiv300-linux-uclibcgnueabi/4.8.3/crtbegin.o] ==> ignore
    arg [-L/opt/hisi-linux/x86-arm/arm-hisiv300-linux/bin/../lib/gcc/arm-hisiv300-linux-uclibcgnueabi/4.8.3] ==> dir [/opt/hisi-linux/x86-arm/arm-hisiv300-linux/bin/../lib/gcc/arm-hisiv300-linux-uclibcgnueabi/4.8.3]
    arg [-L/opt/hisi-linux/x86-arm/arm-hisiv300-linux/bin/../lib/gcc] ==> dir [/opt/hisi-linux/x86-arm/arm-hisiv300-linux/bin/../lib/gcc]
    arg [-L/opt/hisi-linux/x86-arm/arm-hisiv300-linux/bin/../lib/gcc/arm-hisiv300-linux-uclibcgnueabi/4.8.3/../../../../arm-hisiv300-linux-uclibcgnueabi/lib] ==> dir [/opt/hisi-linux/x86-arm/arm-hisiv300-linux/bin/../lib/gcc/arm-hisiv300-linux-uclibcgnueabi/4.8.3/../../../../arm-hisiv300-linux-uclibcgnueabi/lib]
    arg [-L/opt/hisi-linux/x86-arm/arm-hisiv300-linux/bin/../target/lib] ==> dir [/opt/hisi-linux/x86-arm/arm-hisiv300-linux/bin/../target/lib]
    arg [-L/opt/hisi-linux/x86-arm/arm-hisiv300-linux/bin/../target/usr/lib] ==> dir [/opt/hisi-linux/x86-arm/arm-hisiv300-linux/bin/../target/usr/lib]
    arg [CMakeFiles/cmTryCompileExec2457949892.dir/CMakeCCompilerABI.c.o] ==> ignore
    arg [-lgcc] ==> lib [gcc]
    arg [--as-needed] ==> ignore
    arg [-lgcc_s] ==> lib [gcc_s]
    arg [--no-as-needed] ==> ignore
    arg [-lc] ==> lib [c]
    arg [-lgcc] ==> lib [gcc]
    arg [--as-needed] ==> ignore
    arg [-lgcc_s] ==> lib [gcc_s]
    arg [--no-as-needed] ==> ignore
    arg [/opt/hisi-linux/x86-arm/arm-hisiv300-linux/bin/../lib/gcc/arm-hisiv300-linux-uclibcgnueabi/4.8.3/crtend.o] ==> ignore
    arg [/opt/hisi-linux/x86-arm/arm-hisiv300-linux/bin/../target/usr/lib/crtn.o] ==> ignore
  remove lib [gcc]
  remove lib [gcc_s]
  remove lib [gcc]
  remove lib [gcc_s]
  collapse library dir [/opt/hisi-linux/x86-arm/arm-hisiv300-linux/bin/../lib/gcc/arm-hisiv300-linux-uclibcgnueabi/4.8.3] ==> [/opt/hisi-linux/x86-arm/arm-hisiv300-linux/lib/gcc/arm-hisiv300-linux-uclibcgnueabi/4.8.3]
  collapse library dir [/opt/hisi-linux/x86-arm/arm-hisiv300-linux/bin/../lib/gcc] ==> [/opt/hisi-linux/x86-arm/arm-hisiv300-linux/lib/gcc]
  collapse library dir [/opt/hisi-linux/x86-arm/arm-hisiv300-linux/bin/../lib/gcc/arm-hisiv300-linux-uclibcgnueabi/4.8.3/../../../../arm-hisiv300-linux-uclibcgnueabi/lib] ==> [/opt/hisi-linux/x86-arm/arm-hisiv300-linux/arm-hisiv300-linux-uclibcgnueabi/lib]
  collapse library dir [/opt/hisi-linux/x86-arm/arm-hisiv300-linux/bin/../target/lib] ==> [/opt/hisi-linux/x86-arm/arm-hisiv300-linux/target/lib]
  collapse library dir [/opt/hisi-linux/x86-arm/arm-hisiv300-linux/bin/../target/usr/lib] ==> [/opt/hisi-linux/x86-arm/arm-hisiv300-linux/target/usr/lib]
  implicit libs: [c]
  implicit dirs: [/opt/hisi-linux/x86-arm/arm-hisiv300-linux/lib/gcc/arm-hisiv300-linux-uclibcgnueabi/4.8.3;/opt/hisi-linux/x86-arm/arm-hisiv300-linux/lib/gcc;/opt/hisi-linux/x86-arm/arm-hisiv300-linux/arm-hisiv300-linux-uclibcgnueabi/lib;/opt/hisi-linux/x86-arm/arm-hisiv300-linux/target/lib;/opt/hisi-linux/x86-arm/arm-hisiv300-linux/target/usr/lib]
  implicit fwks: []




Detecting C [-std=c11] compiler features compiled with the following output:
Change Dir: /HISI/ARMLinux/Hi3536_SDK_V1.0.3.0/package/mpp/SeetaFaceEngine/FaceIdentification/build/CMakeFiles/CMakeTmp

Run Build Command:"/usr/bin/gmake" "cmTryCompileExec3293834977/fast"
/usr/bin/gmake -f CMakeFiles/cmTryCompileExec3293834977.dir/build.make CMakeFiles/cmTryCompileExec3293834977.dir/build
gmake[1]: Entering directory `/HISI/ARMLinux/Hi3536_SDK_V1.0.3.0/package/mpp/SeetaFaceEngine/FaceIdentification/build/CMakeFiles/CMakeTmp'
/usr/local/bin/cmake -E cmake_progress_report /HISI/ARMLinux/Hi3536_SDK_V1.0.3.0/package/mpp/SeetaFaceEngine/FaceIdentification/build/CMakeFiles/CMakeTmp/CMakeFiles 1
Building C object CMakeFiles/cmTryCompileExec3293834977.dir/feature_tests.c.o
/opt/hisi-linux/x86-arm/arm-hisiv300-linux/target/bin/arm-hisiv300-linux-gcc   -std=c11 -o CMakeFiles/cmTryCompileExec3293834977.dir/feature_tests.c.o   -c /HISI/ARMLinux/Hi3536_SDK_V1.0.3.0/package/mpp/SeetaFaceEngine/FaceIdentification/build/CMakeFiles/feature_tests.c
Linking C executable cmTryCompileExec3293834977
/usr/local/bin/cmake -E cmake_link_script CMakeFiles/cmTryCompileExec3293834977.dir/link.txt --verbose=1
/opt/hisi-linux/x86-arm/arm-hisiv300-linux/target/bin/arm-hisiv300-linux-gcc       CMakeFiles/cmTryCompileExec3293834977.dir/feature_tests.c.o  -o cmTryCompileExec3293834977 -rdynamic 
gmake[1]: Leaving directory `/HISI/ARMLinux/Hi3536_SDK_V1.0.3.0/package/mpp/SeetaFaceEngine/FaceIdentification/build/CMakeFiles/CMakeTmp'


    Feature record: C_FEATURE:1c_function_prototypes
    Feature record: C_FEATURE:1c_restrict
    Feature record: C_FEATURE:1c_static_assert
    Feature record: C_FEATURE:1c_variadic_macros


Detecting C [-std=c99] compiler features compiled with the following output:
Change Dir: /HISI/ARMLinux/Hi3536_SDK_V1.0.3.0/package/mpp/SeetaFaceEngine/FaceIdentification/build/CMakeFiles/CMakeTmp

Run Build Command:"/usr/bin/gmake" "cmTryCompileExec987517188/fast"
/usr/bin/gmake -f CMakeFiles/cmTryCompileExec987517188.dir/build.make CMakeFiles/cmTryCompileExec987517188.dir/build
gmake[1]: Entering directory `/HISI/ARMLinux/Hi3536_SDK_V1.0.3.0/package/mpp/SeetaFaceEngine/FaceIdentification/build/CMakeFiles/CMakeTmp'
/usr/local/bin/cmake -E cmake_progress_report /HISI/ARMLinux/Hi3536_SDK_V1.0.3.0/package/mpp/SeetaFaceEngine/FaceIdentification/build/CMakeFiles/CMakeTmp/CMakeFiles 1
Building C object CMakeFiles/cmTryCompileExec987517188.dir/feature_tests.c.o
/opt/hisi-linux/x86-arm/arm-hisiv300-linux/target/bin/arm-hisiv300-linux-gcc   -std=c99 -o CMakeFiles/cmTryCompileExec987517188.dir/feature_tests.c.o   -c /HISI/ARMLinux/Hi3536_SDK_V1.0.3.0/package/mpp/SeetaFaceEngine/FaceIdentification/build/CMakeFiles/feature_tests.c
Linking C executable cmTryCompileExec987517188
/usr/local/bin/cmake -E cmake_link_script CMakeFiles/cmTryCompileExec987517188.dir/link.txt --verbose=1
/opt/hisi-linux/x86-arm/arm-hisiv300-linux/target/bin/arm-hisiv300-linux-gcc       CMakeFiles/cmTryCompileExec987517188.dir/feature_tests.c.o  -o cmTryCompileExec987517188 -rdynamic 
gmake[1]: Leaving directory `/HISI/ARMLinux/Hi3536_SDK_V1.0.3.0/package/mpp/SeetaFaceEngine/FaceIdentification/build/CMakeFiles/CMakeTmp'


    Feature record: C_FEATURE:1c_function_prototypes
    Feature record: C_FEATURE:1c_restrict
    Feature record: C_FEATURE:0c_static_assert
    Feature record: C_FEATURE:1c_variadic_macros


Detecting C [-std=c90] compiler features compiled with the following output:
Change Dir: /HISI/ARMLinux/Hi3536_SDK_V1.0.3.0/package/mpp/SeetaFaceEngine/FaceIdentification/build/CMakeFiles/CMakeTmp

Run Build Command:"/usr/bin/gmake" "cmTryCompileExec4216159021/fast"
/usr/bin/gmake -f CMakeFiles/cmTryCompileExec4216159021.dir/build.make CMakeFiles/cmTryCompileExec4216159021.dir/build
gmake[1]: Entering directory `/HISI/ARMLinux/Hi3536_SDK_V1.0.3.0/package/mpp/SeetaFaceEngine/FaceIdentification/build/CMakeFiles/CMakeTmp'
/usr/local/bin/cmake -E cmake_progress_report /HISI/ARMLinux/Hi3536_SDK_V1.0.3.0/package/mpp/SeetaFaceEngine/FaceIdentification/build/CMakeFiles/CMakeTmp/CMakeFiles 1
Building C object CMakeFiles/cmTryCompileExec4216159021.dir/feature_tests.c.o
/opt/hisi-linux/x86-arm/arm-hisiv300-linux/target/bin/arm-hisiv300-linux-gcc   -std=c90 -o CMakeFiles/cmTryCompileExec4216159021.dir/feature_tests.c.o   -c /HISI/ARMLinux/Hi3536_SDK_V1.0.3.0/package/mpp/SeetaFaceEngine/FaceIdentification/build/CMakeFiles/feature_tests.c
Linking C executable cmTryCompileExec4216159021
/usr/local/bin/cmake -E cmake_link_script CMakeFiles/cmTryCompileExec4216159021.dir/link.txt --verbose=1
/opt/hisi-linux/x86-arm/arm-hisiv300-linux/target/bin/arm-hisiv300-linux-gcc       CMakeFiles/cmTryCompileExec4216159021.dir/feature_tests.c.o  -o cmTryCompileExec4216159021 -rdynamic 
gmake[1]: Leaving directory `/HISI/ARMLinux/Hi3536_SDK_V1.0.3.0/package/mpp/SeetaFaceEngine/FaceIdentification/build/CMakeFiles/CMakeTmp'


    Feature record: C_FEATURE:1c_function_prototypes
    Feature record: C_FEATURE:0c_restrict
    Feature record: C_FEATURE:0c_static_assert
    Feature record: C_FEATURE:0c_variadic_macros
Determining if the CXX compiler works passed with the following output:
Change Dir: /HISI/ARMLinux/Hi3536_SDK_V1.0.3.0/package/mpp/SeetaFaceEngine/FaceIdentification/build/CMakeFiles/CMakeTmp

Run Build Command:"/usr/bin/gmake" "cmTryCompileExec3860102498/fast"
/usr/bin/gmake -f CMakeFiles/cmTryCompileExec3860102498.dir/build.make CMakeFiles/cmTryCompileExec3860102498.dir/build
gmake[1]: Entering directory `/HISI/ARMLinux/Hi3536_SDK_V1.0.3.0/package/mpp/SeetaFaceEngine/FaceIdentification/build/CMakeFiles/CMakeTmp'
/usr/local/bin/cmake -E cmake_progress_report /HISI/ARMLinux/Hi3536_SDK_V1.0.3.0/package/mpp/SeetaFaceEngine/FaceIdentification/build/CMakeFiles/CMakeTmp/CMakeFiles 1
Building CXX object CMakeFiles/cmTryCompileExec3860102498.dir/testCXXCompiler.cxx.o
/opt/hisi-linux/x86-arm/arm-hisiv300-linux/target/bin/arm-hisiv300-linux-g++     -o CMakeFiles/cmTryCompileExec3860102498.dir/testCXXCompiler.cxx.o -c /HISI/ARMLinux/Hi3536_SDK_V1.0.3.0/package/mpp/SeetaFaceEngine/FaceIdentification/build/CMakeFiles/CMakeTmp/testCXXCompiler.cxx
Linking CXX executable cmTryCompileExec3860102498
/usr/local/bin/cmake -E cmake_link_script CMakeFiles/cmTryCompileExec3860102498.dir/link.txt --verbose=1
/opt/hisi-linux/x86-arm/arm-hisiv300-linux/target/bin/arm-hisiv300-linux-g++        CMakeFiles/cmTryCompileExec3860102498.dir/testCXXCompiler.cxx.o  -o cmTryCompileExec3860102498 -rdynamic 
gmake[1]: Leaving directory `/HISI/ARMLinux/Hi3536_SDK_V1.0.3.0/package/mpp/SeetaFaceEngine/FaceIdentification/build/CMakeFiles/CMakeTmp'


Detecting CXX compiler ABI info compiled with the following output:
Change Dir: /HISI/ARMLinux/Hi3536_SDK_V1.0.3.0/package/mpp/SeetaFaceEngine/FaceIdentification/build/CMakeFiles/CMakeTmp

Run Build Command:"/usr/bin/gmake" "cmTryCompileExec651554859/fast"
/usr/bin/gmake -f CMakeFiles/cmTryCompileExec651554859.dir/build.make CMakeFiles/cmTryCompileExec651554859.dir/build
gmake[1]: Entering directory `/HISI/ARMLinux/Hi3536_SDK_V1.0.3.0/package/mpp/SeetaFaceEngine/FaceIdentification/build/CMakeFiles/CMakeTmp'
/usr/local/bin/cmake -E cmake_progress_report /HISI/ARMLinux/Hi3536_SDK_V1.0.3.0/package/mpp/SeetaFaceEngine/FaceIdentification/build/CMakeFiles/CMakeTmp/CMakeFiles 1
Building CXX object CMakeFiles/cmTryCompileExec651554859.dir/CMakeCXXCompilerABI.cpp.o
/opt/hisi-linux/x86-arm/arm-hisiv300-linux/target/bin/arm-hisiv300-linux-g++     -o CMakeFiles/cmTryCompileExec651554859.dir/CMakeCXXCompilerABI.cpp.o -c /usr/local/share/cmake-3.2/Modules/CMakeCXXCompilerABI.cpp
Linking CXX executable cmTryCompileExec651554859
/usr/local/bin/cmake -E cmake_link_script CMakeFiles/cmTryCompileExec651554859.dir/link.txt --verbose=1
/opt/hisi-linux/x86-arm/arm-hisiv300-linux/target/bin/arm-hisiv300-linux-g++       -v CMakeFiles/cmTryCompileExec651554859.dir/CMakeCXXCompilerABI.cpp.o  -o cmTryCompileExec651554859 -rdynamic  
Using built-in specs.
COLLECT_GCC=/opt/hisi-linux/x86-arm/arm-hisiv300-linux/target/bin/arm-hisiv300-linux-g++
COLLECT_LTO_WRAPPER=/opt/hisi-linux/x86-arm/arm-hisiv300-linux/bin/../libexec/gcc/arm-hisiv300-linux-uclibcgnueabi/4.8.3/lto-wrapper
Target: arm-hisiv300-linux-uclibcgnueabi
Configured with: '../gcc~linaro-4.8-2013.12/configure' --host=i386-redhat-linux --build=i386-redhat-linux --target=arm-hisiv300-linux-uclibcgnueabi --prefix=/home/sying/wucaiyuan_toolchain/v300/uclibc_gcc4.8_linaro_toolchain_optimized/install/arm-hisiv300-linux --enable-threads --disable-libmudflap --disable-libssp --disable-libstdcxx-pch --with-arch=armv5te --with-gnu-as --with-gnu-ld --enable-languages=c,c++ --enable-shared --enable-lto --enable-symvers=gnu --enable-__cxa_atexit --enable-nls --enable-clocale=gnu --enable-extra-hisi-multilibs --with-sysroot=/home/sying/wucaiyuan_toolchain/v300/uclibc_gcc4.8_linaro_toolchain_optimized/install/arm-hisiv300-linux/target --with-build-sysroot=/home/sying/wucaiyuan_toolchain/v300/uclibc_gcc4.8_linaro_toolchain_optimized/install/arm-hisiv300-linux/target --with-gmp=/home/sying/wucaiyuan_toolchain/v300/uclibc_gcc4.8_linaro_toolchain_optimized/install/host_lib --with-mpfr=/home/sying/wucaiyuan_toolchain/v300/uclibc_gcc4.8_linaro_toolchain_optimized/install/host_lib --with-mpc=/home/sying/wucaiyuan_toolchain/v300/uclibc_gcc4.8_linaro_toolchain_optimized/install/host_lib --with-ppl=/home/sying/wucaiyuan_toolchain/v300/uclibc_gcc4.8_linaro_toolchain_optimized/install/host_lib --with-cloog=/home/sying/wucaiyuan_toolchain/v300/uclibc_gcc4.8_linaro_toolchain_optimized/install/host_lib --with-libelf=/home/sying/wucaiyuan_toolchain/v300/uclibc_gcc4.8_linaro_toolchain_optimized/install/host_lib --enable-libgomp --disable-libitm --enable-poison-system-directories --with-libelf=/home/sying/wucaiyuan_toolchain/v300/uclibc_gcc4.8_linaro_toolchain_optimized/install/host_lib --with-pkgversion=Hisilicon_v300 --with-bugurl=http://www.hisilicon.com/cn/service/claim.html
Thread model: posix
gcc version 4.8.3 20131202 (prerelease) (Hisilicon_v300) 
COMPILER_PATH=/opt/hisi-linux/x86-arm/arm-hisiv300-linux/bin/../libexec/gcc/arm-hisiv300-linux-uclibcgnueabi/4.8.3/:/opt/hisi-linux/x86-arm/arm-hisiv300-linux/bin/../libexec/gcc/:/opt/hisi-linux/x86-arm/arm-hisiv300-linux/bin/../lib/gcc/arm-hisiv300-linux-uclibcgnueabi/4.8.3/../../../../arm-hisiv300-linux-uclibcgnueabi/bin/
LIBRARY_PATH=/opt/hisi-linux/x86-arm/arm-hisiv300-linux/bin/../lib/gcc/arm-hisiv300-linux-uclibcgnueabi/4.8.3/:/opt/hisi-linux/x86-arm/arm-hisiv300-linux/bin/../lib/gcc/:/opt/hisi-linux/x86-arm/arm-hisiv300-linux/bin/../lib/gcc/arm-hisiv300-linux-uclibcgnueabi/4.8.3/../../../../arm-hisiv300-linux-uclibcgnueabi/lib/:/opt/hisi-linux/x86-arm/arm-hisiv300-linux/bin/../target/lib/:/opt/hisi-linux/x86-arm/arm-hisiv300-linux/bin/../target/usr/lib/
COLLECT_GCC_OPTIONS='-v' '-o' 'cmTryCompileExec651554859' '-rdynamic' '-shared-libgcc' '-march=armv5te' '-mtls-dialect=gnu'
 /opt/hisi-linux/x86-arm/arm-hisiv300-linux/bin/../libexec/gcc/arm-hisiv300-linux-uclibcgnueabi/4.8.3/collect2 --sysroot=/opt/hisi-linux/x86-arm/arm-hisiv300-linux/bin/../target --eh-frame-hdr -export-dynamic -dynamic-linker /lib/ld-uClibc.so.0 -X -m armelf_linux_eabi -o cmTryCompileExec651554859 /opt/hisi-linux/x86-arm/arm-hisiv300-linux/bin/../target/usr/lib/crt1.o /opt/hisi-linux/x86-arm/arm-hisiv300-linux/bin/../target/usr/lib/crti.o /opt/hisi-linux/x86-arm/arm-hisiv300-linux/bin/../lib/gcc/arm-hisiv300-linux-uclibcgnueabi/4.8.3/crtbegin.o -L/opt/hisi-linux/x86-arm/arm-hisiv300-linux/bin/../lib/gcc/arm-hisiv300-linux-uclibcgnueabi/4.8.3 -L/opt/hisi-linux/x86-arm/arm-hisiv300-linux/bin/../lib/gcc -L/opt/hisi-linux/x86-arm/arm-hisiv300-linux/bin/../lib/gcc/arm-hisiv300-linux-uclibcgnueabi/4.8.3/../../../../arm-hisiv300-linux-uclibcgnueabi/lib -L/opt/hisi-linux/x86-arm/arm-hisiv300-linux/bin/../target/lib -L/opt/hisi-linux/x86-arm/arm-hisiv300-linux/bin/../target/usr/lib CMakeFiles/cmTryCompileExec651554859.dir/CMakeCXXCompilerABI.cpp.o -lstdc++ -lm -lgcc_s -lgcc -lc -lgcc_s -lgcc /opt/hisi-linux/x86-arm/arm-hisiv300-linux/bin/../lib/gcc/arm-hisiv300-linux-uclibcgnueabi/4.8.3/crtend.o /opt/hisi-linux/x86-arm/arm-hisiv300-linux/bin/../target/usr/lib/crtn.o
gmake[1]: Leaving directory `/HISI/ARMLinux/Hi3536_SDK_V1.0.3.0/package/mpp/SeetaFaceEngine/FaceIdentification/build/CMakeFiles/CMakeTmp'


Parsed CXX implicit link information from above output:
  link line regex: [^( *|.*[/\])(arm-hisiv300-linux-ld|([^/\]+-)?ld|collect2)[^/\]*( |$)]
  ignore line: [Change Dir: /HISI/ARMLinux/Hi3536_SDK_V1.0.3.0/package/mpp/SeetaFaceEngine/FaceIdentification/build/CMakeFiles/CMakeTmp]
  ignore line: []
  ignore line: [Run Build Command:"/usr/bin/gmake" "cmTryCompileExec651554859/fast"]
  ignore line: [/usr/bin/gmake -f CMakeFiles/cmTryCompileExec651554859.dir/build.make CMakeFiles/cmTryCompileExec651554859.dir/build]
  ignore line: [gmake[1]: Entering directory `/HISI/ARMLinux/Hi3536_SDK_V1.0.3.0/package/mpp/SeetaFaceEngine/FaceIdentification/build/CMakeFiles/CMakeTmp']
  ignore line: [/usr/local/bin/cmake -E cmake_progress_report /HISI/ARMLinux/Hi3536_SDK_V1.0.3.0/package/mpp/SeetaFaceEngine/FaceIdentification/build/CMakeFiles/CMakeTmp/CMakeFiles 1]
  ignore line: [Building CXX object CMakeFiles/cmTryCompileExec651554859.dir/CMakeCXXCompilerABI.cpp.o]
  ignore line: [/opt/hisi-linux/x86-arm/arm-hisiv300-linux/target/bin/arm-hisiv300-linux-g++     -o CMakeFiles/cmTryCompileExec651554859.dir/CMakeCXXCompilerABI.cpp.o -c /usr/local/share/cmake-3.2/Modules/CMakeCXXCompilerABI.cpp]
  ignore line: [Linking CXX executable cmTryCompileExec651554859]
  ignore line: [/usr/local/bin/cmake -E cmake_link_script CMakeFiles/cmTryCompileExec651554859.dir/link.txt --verbose=1]
  ignore line: [/opt/hisi-linux/x86-arm/arm-hisiv300-linux/target/bin/arm-hisiv300-linux-g++       -v CMakeFiles/cmTryCompileExec651554859.dir/CMakeCXXCompilerABI.cpp.o  -o cmTryCompileExec651554859 -rdynamic  ]
  ignore line: [Using built-in specs.]
  ignore line: [COLLECT_GCC=/opt/hisi-linux/x86-arm/arm-hisiv300-linux/target/bin/arm-hisiv300-linux-g++]
  ignore line: [COLLECT_LTO_WRAPPER=/opt/hisi-linux/x86-arm/arm-hisiv300-linux/bin/../libexec/gcc/arm-hisiv300-linux-uclibcgnueabi/4.8.3/lto-wrapper]
  ignore line: [Target: arm-hisiv300-linux-uclibcgnueabi]
  ignore line: [Configured with: '../gcc~linaro-4.8-2013.12/configure' --host=i386-redhat-linux --build=i386-redhat-linux --target=arm-hisiv300-linux-uclibcgnueabi --prefix=/home/sying/wucaiyuan_toolchain/v300/uclibc_gcc4.8_linaro_toolchain_optimized/install/arm-hisiv300-linux --enable-threads --disable-libmudflap --disable-libssp --disable-libstdcxx-pch --with-arch=armv5te --with-gnu-as --with-gnu-ld --enable-languages=c,c++ --enable-shared --enable-lto --enable-symvers=gnu --enable-__cxa_atexit --enable-nls --enable-clocale=gnu --enable-extra-hisi-multilibs --with-sysroot=/home/sying/wucaiyuan_toolchain/v300/uclibc_gcc4.8_linaro_toolchain_optimized/install/arm-hisiv300-linux/target --with-build-sysroot=/home/sying/wucaiyuan_toolchain/v300/uclibc_gcc4.8_linaro_toolchain_optimized/install/arm-hisiv300-linux/target --with-gmp=/home/sying/wucaiyuan_toolchain/v300/uclibc_gcc4.8_linaro_toolchain_optimized/install/host_lib --with-mpfr=/home/sying/wucaiyuan_toolchain/v300/uclibc_gcc4.8_linaro_toolchain_optimized/install/host_lib --with-mpc=/home/sying/wucaiyuan_toolchain/v300/uclibc_gcc4.8_linaro_toolchain_optimized/install/host_lib --with-ppl=/home/sying/wucaiyuan_toolchain/v300/uclibc_gcc4.8_linaro_toolchain_optimized/install/host_lib --with-cloog=/home/sying/wucaiyuan_toolchain/v300/uclibc_gcc4.8_linaro_toolchain_optimized/install/host_lib --with-libelf=/home/sying/wucaiyuan_toolchain/v300/uclibc_gcc4.8_linaro_toolchain_optimized/install/host_lib --enable-libgomp --disable-libitm --enable-poison-system-directories --with-libelf=/home/sying/wucaiyuan_toolchain/v300/uclibc_gcc4.8_linaro_toolchain_optimized/install/host_lib --with-pkgversion=Hisilicon_v300 --with-bugurl=http://www.hisilicon.com/cn/service/claim.html]
  ignore line: [Thread model: posix]
  ignore line: [gcc version 4.8.3 20131202 (prerelease) (Hisilicon_v300) ]
  ignore line: [COMPILER_PATH=/opt/hisi-linux/x86-arm/arm-hisiv300-linux/bin/../libexec/gcc/arm-hisiv300-linux-uclibcgnueabi/4.8.3/:/opt/hisi-linux/x86-arm/arm-hisiv300-linux/bin/../libexec/gcc/:/opt/hisi-linux/x86-arm/arm-hisiv300-linux/bin/../lib/gcc/arm-hisiv300-linux-uclibcgnueabi/4.8.3/../../../../arm-hisiv300-linux-uclibcgnueabi/bin/]
  ignore line: [LIBRARY_PATH=/opt/hisi-linux/x86-arm/arm-hisiv300-linux/bin/../lib/gcc/arm-hisiv300-linux-uclibcgnueabi/4.8.3/:/opt/hisi-linux/x86-arm/arm-hisiv300-linux/bin/../lib/gcc/:/opt/hisi-linux/x86-arm/arm-hisiv300-linux/bin/../lib/gcc/arm-hisiv300-linux-uclibcgnueabi/4.8.3/../../../../arm-hisiv300-linux-uclibcgnueabi/lib/:/opt/hisi-linux/x86-arm/arm-hisiv300-linux/bin/../target/lib/:/opt/hisi-linux/x86-arm/arm-hisiv300-linux/bin/../target/usr/lib/]
  ignore line: [COLLECT_GCC_OPTIONS='-v' '-o' 'cmTryCompileExec651554859' '-rdynamic' '-shared-libgcc' '-march=armv5te' '-mtls-dialect=gnu']
  link line: [ /opt/hisi-linux/x86-arm/arm-hisiv300-linux/bin/../libexec/gcc/arm-hisiv300-linux-uclibcgnueabi/4.8.3/collect2 --sysroot=/opt/hisi-linux/x86-arm/arm-hisiv300-linux/bin/../target --eh-frame-hdr -export-dynamic -dynamic-linker /lib/ld-uClibc.so.0 -X -m armelf_linux_eabi -o cmTryCompileExec651554859 /opt/hisi-linux/x86-arm/arm-hisiv300-linux/bin/../target/usr/lib/crt1.o /opt/hisi-linux/x86-arm/arm-hisiv300-linux/bin/../target/usr/lib/crti.o /opt/hisi-linux/x86-arm/arm-hisiv300-linux/bin/../lib/gcc/arm-hisiv300-linux-uclibcgnueabi/4.8.3/crtbegin.o -L/opt/hisi-linux/x86-arm/arm-hisiv300-linux/bin/../lib/gcc/arm-hisiv300-linux-uclibcgnueabi/4.8.3 -L/opt/hisi-linux/x86-arm/arm-hisiv300-linux/bin/../lib/gcc -L/opt/hisi-linux/x86-arm/arm-hisiv300-linux/bin/../lib/gcc/arm-hisiv300-linux-uclibcgnueabi/4.8.3/../../../../arm-hisiv300-linux-uclibcgnueabi/lib -L/opt/hisi-linux/x86-arm/arm-hisiv300-linux/bin/../target/lib -L/opt/hisi-linux/x86-arm/arm-hisiv300-linux/bin/../target/usr/lib CMakeFiles/cmTryCompileExec651554859.dir/CMakeCXXCompilerABI.cpp.o -lstdc++ -lm -lgcc_s -lgcc -lc -lgcc_s -lgcc /opt/hisi-linux/x86-arm/arm-hisiv300-linux/bin/../lib/gcc/arm-hisiv300-linux-uclibcgnueabi/4.8.3/crtend.o /opt/hisi-linux/x86-arm/arm-hisiv300-linux/bin/../target/usr/lib/crtn.o]
    arg [/opt/hisi-linux/x86-arm/arm-hisiv300-linux/bin/../libexec/gcc/arm-hisiv300-linux-uclibcgnueabi/4.8.3/collect2] ==> ignore
    arg [--sysroot=/opt/hisi-linux/x86-arm/arm-hisiv300-linux/bin/../target] ==> ignore
    arg [--eh-frame-hdr] ==> ignore
    arg [-export-dynamic] ==> ignore
    arg [-dynamic-linker] ==> ignore
    arg [/lib/ld-uClibc.so.0] ==> ignore
    arg [-X] ==> ignore
    arg [-m] ==> ignore
    arg [armelf_linux_eabi] ==> ignore
    arg [-o] ==> ignore
    arg [cmTryCompileExec651554859] ==> ignore
    arg [/opt/hisi-linux/x86-arm/arm-hisiv300-linux/bin/../target/usr/lib/crt1.o] ==> ignore
    arg [/opt/hisi-linux/x86-arm/arm-hisiv300-linux/bin/../target/usr/lib/crti.o] ==> ignore
    arg [/opt/hisi-linux/x86-arm/arm-hisiv300-linux/bin/../lib/gcc/arm-hisiv300-linux-uclibcgnueabi/4.8.3/crtbegin.o] ==> ignore
    arg [-L/opt/hisi-linux/x86-arm/arm-hisiv300-linux/bin/../lib/gcc/arm-hisiv300-linux-uclibcgnueabi/4.8.3] ==> dir [/opt/hisi-linux/x86-arm/arm-hisiv300-linux/bin/../lib/gcc/arm-hisiv300-linux-uclibcgnueabi/4.8.3]
    arg [-L/opt/hisi-linux/x86-arm/arm-hisiv300-linux/bin/../lib/gcc] ==> dir [/opt/hisi-linux/x86-arm/arm-hisiv300-linux/bin/../lib/gcc]
    arg [-L/opt/hisi-linux/x86-arm/arm-hisiv300-linux/bin/../lib/gcc/arm-hisiv300-linux-uclibcgnueabi/4.8.3/../../../../arm-hisiv300-linux-uclibcgnueabi/lib] ==> dir [/opt/hisi-linux/x86-arm/arm-hisiv300-linux/bin/../lib/gcc/arm-hisiv300-linux-uclibcgnueabi/4.8.3/../../../../arm-hisiv300-linux-uclibcgnueabi/lib]
    arg [-L/opt/hisi-linux/x86-arm/arm-hisiv300-linux/bin/../target/lib] ==> dir [/opt/hisi-linux/x86-arm/arm-hisiv300-linux/bin/../target/lib]
    arg [-L/opt/hisi-linux/x86-arm/arm-hisiv300-linux/bin/../target/usr/lib] ==> dir [/opt/hisi-linux/x86-arm/arm-hisiv300-linux/bin/../target/usr/lib]
    arg [CMakeFiles/cmTryCompileExec651554859.dir/CMakeCXXCompilerABI.cpp.o] ==> ignore
    arg [-lstdc++] ==> lib [stdc++]
    arg [-lm] ==> lib [m]
    arg [-lgcc_s] ==> lib [gcc_s]
    arg [-lgcc] ==> lib [gcc]
    arg [-lc] ==> lib [c]
    arg [-lgcc_s] ==> lib [gcc_s]
    arg [-lgcc] ==> lib [gcc]
    arg [/opt/hisi-linux/x86-arm/arm-hisiv300-linux/bin/../lib/gcc/arm-hisiv300-linux-uclibcgnueabi/4.8.3/crtend.o] ==> ignore
    arg [/opt/hisi-linux/x86-arm/arm-hisiv300-linux/bin/../target/usr/lib/crtn.o] ==> ignore
  remove lib [gcc_s]
  remove lib [gcc]
  remove lib [gcc_s]
  remove lib [gcc]
  collapse library dir [/opt/hisi-linux/x86-arm/arm-hisiv300-linux/bin/../lib/gcc/arm-hisiv300-linux-uclibcgnueabi/4.8.3] ==> [/opt/hisi-linux/x86-arm/arm-hisiv300-linux/lib/gcc/arm-hisiv300-linux-uclibcgnueabi/4.8.3]
  collapse library dir [/opt/hisi-linux/x86-arm/arm-hisiv300-linux/bin/../lib/gcc] ==> [/opt/hisi-linux/x86-arm/arm-hisiv300-linux/lib/gcc]
  collapse library dir [/opt/hisi-linux/x86-arm/arm-hisiv300-linux/bin/../lib/gcc/arm-hisiv300-linux-uclibcgnueabi/4.8.3/../../../../arm-hisiv300-linux-uclibcgnueabi/lib] ==> [/opt/hisi-linux/x86-arm/arm-hisiv300-linux/arm-hisiv300-linux-uclibcgnueabi/lib]
  collapse library dir [/opt/hisi-linux/x86-arm/arm-hisiv300-linux/bin/../target/lib] ==> [/opt/hisi-linux/x86-arm/arm-hisiv300-linux/target/lib]
  collapse library dir [/opt/hisi-linux/x86-arm/arm-hisiv300-linux/bin/../target/usr/lib] ==> [/opt/hisi-linux/x86-arm/arm-hisiv300-linux/target/usr/lib]
  implicit libs: [stdc++;m;c]
  implicit dirs: [/opt/hisi-linux/x86-arm/arm-hisiv300-linux/lib/gcc/arm-hisiv300-linux-uclibcgnueabi/4.8.3;/opt/hisi-linux/x86-arm/arm-hisiv300-linux/lib/gcc;/opt/hisi-linux/x86-arm/arm-hisiv300-linux/arm-hisiv300-linux-uclibcgnueabi/lib;/opt/hisi-linux/x86-arm/arm-hisiv300-linux/target/lib;/opt/hisi-linux/x86-arm/arm-hisiv300-linux/target/usr/lib]
  implicit fwks: []




Detecting CXX [-std=c++1y] compiler features compiled with the following output:
Change Dir: /HISI/ARMLinux/Hi3536_SDK_V1.0.3.0/package/mpp/SeetaFaceEngine/FaceIdentification/build/CMakeFiles/CMakeTmp

Run Build Command:"/usr/bin/gmake" "cmTryCompileExec2706528909/fast"
/usr/bin/gmake -f CMakeFiles/cmTryCompileExec2706528909.dir/build.make CMakeFiles/cmTryCompileExec2706528909.dir/build
gmake[1]: Entering directory `/HISI/ARMLinux/Hi3536_SDK_V1.0.3.0/package/mpp/SeetaFaceEngine/FaceIdentification/build/CMakeFiles/CMakeTmp'
/usr/local/bin/cmake -E cmake_progress_report /HISI/ARMLinux/Hi3536_SDK_V1.0.3.0/package/mpp/SeetaFaceEngine/FaceIdentification/build/CMakeFiles/CMakeTmp/CMakeFiles 1
Building CXX object CMakeFiles/cmTryCompileExec2706528909.dir/feature_tests.cxx.o
/opt/hisi-linux/x86-arm/arm-hisiv300-linux/target/bin/arm-hisiv300-linux-g++    -std=c++1y -o CMakeFiles/cmTryCompileExec2706528909.dir/feature_tests.cxx.o -c /HISI/ARMLinux/Hi3536_SDK_V1.0.3.0/package/mpp/SeetaFaceEngine/FaceIdentification/build/CMakeFiles/feature_tests.cxx
Linking CXX executable cmTryCompileExec2706528909
/usr/local/bin/cmake -E cmake_link_script CMakeFiles/cmTryCompileExec2706528909.dir/link.txt --verbose=1
/opt/hisi-linux/x86-arm/arm-hisiv300-linux/target/bin/arm-hisiv300-linux-g++        CMakeFiles/cmTryCompileExec2706528909.dir/feature_tests.cxx.o  -o cmTryCompileExec2706528909 -rdynamic 
gmake[1]: Leaving directory `/HISI/ARMLinux/Hi3536_SDK_V1.0.3.0/package/mpp/SeetaFaceEngine/FaceIdentification/build/CMakeFiles/CMakeTmp'


    Feature record: CXX_FEATURE:0cxx_aggregate_default_initializers
    Feature record: CXX_FEATURE:1cxx_alias_templates
    Feature record: CXX_FEATURE:1cxx_alignas
    Feature record: CXX_FEATURE:1cxx_alignof
    Feature record: CXX_FEATURE:1cxx_attributes
    Feature record: CXX_FEATURE:0cxx_attribute_deprecated
    Feature record: CXX_FEATURE:1cxx_auto_type
    Feature record: CXX_FEATURE:0cxx_binary_literals
    Feature record: CXX_FEATURE:1cxx_constexpr
    Feature record: CXX_FEATURE:0cxx_contextual_conversions
    Feature record: CXX_FEATURE:1cxx_decltype
    Feature record: CXX_FEATURE:0cxx_decltype_auto
    Feature record: CXX_FEATURE:1cxx_decltype_incomplete_return_types
    Feature record: CXX_FEATURE:1cxx_default_function_template_args
    Feature record: CXX_FEATURE:1cxx_defaulted_functions
    Feature record: CXX_FEATURE:1cxx_defaulted_move_initializers
    Feature record: CXX_FEATURE:1cxx_delegating_constructors
    Feature record: CXX_FEATURE:1cxx_deleted_functions
    Feature record: CXX_FEATURE:0cxx_digit_separators
    Feature record: CXX_FEATURE:1cxx_enum_forward_declarations
    Feature record: CXX_FEATURE:1cxx_explicit_conversions
    Feature record: CXX_FEATURE:1cxx_extended_friend_declarations
    Feature record: CXX_FEATURE:1cxx_extern_templates
    Feature record: CXX_FEATURE:1cxx_final
    Feature record: CXX_FEATURE:1cxx_func_identifier
    Feature record: CXX_FEATURE:1cxx_generalized_initializers
    Feature record: CXX_FEATURE:0cxx_generic_lambdas
    Feature record: CXX_FEATURE:1cxx_inheriting_constructors
    Feature record: CXX_FEATURE:1cxx_inline_namespaces
    Feature record: CXX_FEATURE:1cxx_lambdas
    Feature record: CXX_FEATURE:0cxx_lambda_init_captures
    Feature record: CXX_FEATURE:1cxx_local_type_template_args
    Feature record: CXX_FEATURE:1cxx_long_long_type
    Feature record: CXX_FEATURE:1cxx_noexcept
    Feature record: CXX_FEATURE:1cxx_nonstatic_member_init
    Feature record: CXX_FEATURE:1cxx_nullptr
    Feature record: CXX_FEATURE:1cxx_override
    Feature record: CXX_FEATURE:1cxx_range_for
    Feature record: CXX_FEATURE:1cxx_raw_string_literals
    Feature record: CXX_FEATURE:1cxx_reference_qualified_functions
    Feature record: CXX_FEATURE:0cxx_relaxed_constexpr
    Feature record: CXX_FEATURE:0cxx_return_type_deduction
    Feature record: CXX_FEATURE:1cxx_right_angle_brackets
    Feature record: CXX_FEATURE:1cxx_rvalue_references
    Feature record: CXX_FEATURE:1cxx_sizeof_member
    Feature record: CXX_FEATURE:1cxx_static_assert
    Feature record: CXX_FEATURE:1cxx_strong_enums
    Feature record: CXX_FEATURE:1cxx_template_template_parameters
    Feature record: CXX_FEATURE:1cxx_thread_local
    Feature record: CXX_FEATURE:1cxx_trailing_return_types
    Feature record: CXX_FEATURE:1cxx_unicode_literals
    Feature record: CXX_FEATURE:1cxx_uniform_initialization
    Feature record: CXX_FEATURE:1cxx_unrestricted_unions
    Feature record: CXX_FEATURE:1cxx_user_literals
    Feature record: CXX_FEATURE:0cxx_variable_templates
    Feature record: CXX_FEATURE:1cxx_variadic_macros
    Feature record: CXX_FEATURE:1cxx_variadic_templates


Detecting CXX [-std=c++11] compiler features compiled with the following output:
Change Dir: /HISI/ARMLinux/Hi3536_SDK_V1.0.3.0/package/mpp/SeetaFaceEngine/FaceIdentification/build/CMakeFiles/CMakeTmp

Run Build Command:"/usr/bin/gmake" "cmTryCompileExec4059661902/fast"
/usr/bin/gmake -f CMakeFiles/cmTryCompileExec4059661902.dir/build.make CMakeFiles/cmTryCompileExec4059661902.dir/build
gmake[1]: Entering directory `/HISI/ARMLinux/Hi3536_SDK_V1.0.3.0/package/mpp/SeetaFaceEngine/FaceIdentification/build/CMakeFiles/CMakeTmp'
/usr/local/bin/cmake -E cmake_progress_report /HISI/ARMLinux/Hi3536_SDK_V1.0.3.0/package/mpp/SeetaFaceEngine/FaceIdentification/build/CMakeFiles/CMakeTmp/CMakeFiles 1
Building CXX object CMakeFiles/cmTryCompileExec4059661902.dir/feature_tests.cxx.o
/opt/hisi-linux/x86-arm/arm-hisiv300-linux/target/bin/arm-hisiv300-linux-g++    -std=c++11 -o CMakeFiles/cmTryCompileExec4059661902.dir/feature_tests.cxx.o -c /HISI/ARMLinux/Hi3536_SDK_V1.0.3.0/package/mpp/SeetaFaceEngine/FaceIdentification/build/CMakeFiles/feature_tests.cxx
Linking CXX executable cmTryCompileExec4059661902
/usr/local/bin/cmake -E cmake_link_script CMakeFiles/cmTryCompileExec4059661902.dir/link.txt --verbose=1
/opt/hisi-linux/x86-arm/arm-hisiv300-linux/target/bin/arm-hisiv300-linux-g++        CMakeFiles/cmTryCompileExec4059661902.dir/feature_tests.cxx.o  -o cmTryCompileExec4059661902 -rdynamic 
gmake[1]: Leaving directory `/HISI/ARMLinux/Hi3536_SDK_V1.0.3.0/package/mpp/SeetaFaceEngine/FaceIdentification/build/CMakeFiles/CMakeTmp'


    Feature record: CXX_FEATURE:0cxx_aggregate_default_initializers
    Feature record: CXX_FEATURE:1cxx_alias_templates
    Feature record: CXX_FEATURE:1cxx_alignas
    Feature record: CXX_FEATURE:1cxx_alignof
    Feature record: CXX_FEATURE:1cxx_attributes
    Feature record: CXX_FEATURE:0cxx_attribute_deprecated
    Feature record: CXX_FEATURE:1cxx_auto_type
    Feature record: CXX_FEATURE:0cxx_binary_literals
    Feature record: CXX_FEATURE:1cxx_constexpr
    Feature record: CXX_FEATURE:0cxx_contextual_conversions
    Feature record: CXX_FEATURE:1cxx_decltype
    Feature record: CXX_FEATURE:0cxx_decltype_auto
    Feature record: CXX_FEATURE:1cxx_decltype_incomplete_return_types
    Feature record: CXX_FEATURE:1cxx_default_function_template_args
    Feature record: CXX_FEATURE:1cxx_defaulted_functions
    Feature record: CXX_FEATURE:1cxx_defaulted_move_initializers
    Feature record: CXX_FEATURE:1cxx_delegating_constructors
    Feature record: CXX_FEATURE:1cxx_deleted_functions
    Feature record: CXX_FEATURE:0cxx_digit_separators
    Feature record: CXX_FEATURE:1cxx_enum_forward_declarations
    Feature record: CXX_FEATURE:1cxx_explicit_conversions
    Feature record: CXX_FEATURE:1cxx_extended_friend_declarations
    Feature record: CXX_FEATURE:1cxx_extern_templates
    Feature record: CXX_FEATURE:1cxx_final
    Feature record: CXX_FEATURE:1cxx_func_identifier
    Feature record: CXX_FEATURE:1cxx_generalized_initializers
    Feature record: CXX_FEATURE:0cxx_generic_lambdas
    Feature record: CXX_FEATURE:1cxx_inheriting_constructors
    Feature record: CXX_FEATURE:1cxx_inline_namespaces
    Feature record: CXX_FEATURE:1cxx_lambdas
    Feature record: CXX_FEATURE:0cxx_lambda_init_captures
    Feature record: CXX_FEATURE:1cxx_local_type_template_args
    Feature record: CXX_FEATURE:1cxx_long_long_type
    Feature record: CXX_FEATURE:1cxx_noexcept
    Feature record: CXX_FEATURE:1cxx_nonstatic_member_init
    Feature record: CXX_FEATURE:1cxx_nullptr
    Feature record: CXX_FEATURE:1cxx_override
    Feature record: CXX_FEATURE:1cxx_range_for
    Feature record: CXX_FEATURE:1cxx_raw_string_literals
    Feature record: CXX_FEATURE:1cxx_reference_qualified_functions
    Feature record: CXX_FEATURE:0cxx_relaxed_constexpr
    Feature record: CXX_FEATURE:0cxx_return_type_deduction
    Feature record: CXX_FEATURE:1cxx_right_angle_brackets
    Feature record: CXX_FEATURE:1cxx_rvalue_references
    Feature record: CXX_FEATURE:1cxx_sizeof_member
    Feature record: CXX_FEATURE:1cxx_static_assert
    Feature record: CXX_FEATURE:1cxx_strong_enums
    Feature record: CXX_FEATURE:1cxx_template_template_parameters
    Feature record: CXX_FEATURE:1cxx_thread_local
    Feature record: CXX_FEATURE:1cxx_trailing_return_types
    Feature record: CXX_FEATURE:1cxx_unicode_literals
    Feature record: CXX_FEATURE:1cxx_uniform_initialization
    Feature record: CXX_FEATURE:1cxx_unrestricted_unions
    Feature record: CXX_FEATURE:1cxx_user_literals
    Feature record: CXX_FEATURE:0cxx_variable_templates
    Feature record: CXX_FEATURE:1cxx_variadic_macros
    Feature record: CXX_FEATURE:1cxx_variadic_templates


Detecting CXX [-std=c++98] compiler features compiled with the following output:
Change Dir: /HISI/ARMLinux/Hi3536_SDK_V1.0.3.0/package/mpp/SeetaFaceEngine/FaceIdentification/build/CMakeFiles/CMakeTmp

Run Build Command:"/usr/bin/gmake" "cmTryCompileExec40949350/fast"
/usr/bin/gmake -f CMakeFiles/cmTryCompileExec40949350.dir/build.make CMakeFiles/cmTryCompileExec40949350.dir/build
gmake[1]: Entering directory `/HISI/ARMLinux/Hi3536_SDK_V1.0.3.0/package/mpp/SeetaFaceEngine/FaceIdentification/build/CMakeFiles/CMakeTmp'
/usr/local/bin/cmake -E cmake_progress_report /HISI/ARMLinux/Hi3536_SDK_V1.0.3.0/package/mpp/SeetaFaceEngine/FaceIdentification/build/CMakeFiles/CMakeTmp/CMakeFiles 1
Building CXX object CMakeFiles/cmTryCompileExec40949350.dir/feature_tests.cxx.o
/opt/hisi-linux/x86-arm/arm-hisiv300-linux/target/bin/arm-hisiv300-linux-g++    -std=c++98 -o CMakeFiles/cmTryCompileExec40949350.dir/feature_tests.cxx.o -c /HISI/ARMLinux/Hi3536_SDK_V1.0.3.0/package/mpp/SeetaFaceEngine/FaceIdentification/build/CMakeFiles/feature_tests.cxx
Linking CXX executable cmTryCompileExec40949350
/usr/local/bin/cmake -E cmake_link_script CMakeFiles/cmTryCompileExec40949350.dir/link.txt --verbose=1
/opt/hisi-linux/x86-arm/arm-hisiv300-linux/target/bin/arm-hisiv300-linux-g++        CMakeFiles/cmTryCompileExec40949350.dir/feature_tests.cxx.o  -o cmTryCompileExec40949350 -rdynamic 
gmake[1]: Leaving directory `/HISI/ARMLinux/Hi3536_SDK_V1.0.3.0/package/mpp/SeetaFaceEngine/FaceIdentification/build/CMakeFiles/CMakeTmp'


    Feature record: CXX_FEATURE:0cxx_aggregate_default_initializers
    Feature record: CXX_FEATURE:0cxx_alias_templates
    Feature record: CXX_FEATURE:0cxx_alignas
    Feature record: CXX_FEATURE:0cxx_alignof
    Feature record: CXX_FEATURE:0cxx_attributes
    Feature record: CXX_FEATURE:0cxx_attribute_deprecated
    Feature record: CXX_FEATURE:0cxx_auto_type
    Feature record: CXX_FEATURE:0cxx_binary_literals
    Feature record: CXX_FEATURE:0cxx_constexpr
    Feature record: CXX_FEATURE:0cxx_contextual_conversions
    Feature record: CXX_FEATURE:0cxx_decltype
    Feature record: CXX_FEATURE:0cxx_decltype_auto
    Feature record: CXX_FEATURE:0cxx_decltype_incomplete_return_types
    Feature record: CXX_FEATURE:0cxx_default_function_template_args
    Feature record: CXX_FEATURE:0cxx_defaulted_functions
    Feature record: CXX_FEATURE:0cxx_defaulted_move_initializers
    Feature record: CXX_FEATURE:0cxx_delegating_constructors
    Feature record: CXX_FEATURE:0cxx_deleted_functions
    Feature record: CXX_FEATURE:0cxx_digit_separators
    Feature record: CXX_FEATURE:0cxx_enum_forward_declarations
    Feature record: CXX_FEATURE:0cxx_explicit_conversions
    Feature record: CXX_FEATURE:0cxx_extended_friend_declarations
    Feature record: CXX_FEATURE:0cxx_extern_templates
    Feature record: CXX_FEATURE:0cxx_final
    Feature record: CXX_FEATURE:0cxx_func_identifier
    Feature record: CXX_FEATURE:0cxx_generalized_initializers
    Feature record: CXX_FEATURE:0cxx_generic_lambdas
    Feature record: CXX_FEATURE:0cxx_inheriting_constructors
    Feature record: CXX_FEATURE:0cxx_inline_namespaces
    Feature record: CXX_FEATURE:0cxx_lambdas
    Feature record: CXX_FEATURE:0cxx_lambda_init_captures
    Feature record: CXX_FEATURE:0cxx_local_type_template_args
    Feature record: CXX_FEATURE:0cxx_long_long_type
    Feature record: CXX_FEATURE:0cxx_noexcept
    Feature record: CXX_FEATURE:0cxx_nonstatic_member_init
    Feature record: CXX_FEATURE:0cxx_nullptr
    Feature record: CXX_FEATURE:0cxx_override
    Feature record: CXX_FEATURE:0cxx_range_for
    Feature record: CXX_FEATURE:0cxx_raw_string_literals
    Feature record: CXX_FEATURE:0cxx_reference_qualified_functions
    Feature record: CXX_FEATURE:0cxx_relaxed_constexpr
    Feature record: CXX_FEATURE:0cxx_return_type_deduction
    Feature record: CXX_FEATURE:0cxx_right_angle_brackets
    Feature record: CXX_FEATURE:0cxx_rvalue_references
    Feature record: CXX_FEATURE:0cxx_sizeof_member
    Feature record: CXX_FEATURE:0cxx_static_assert
    Feature record: CXX_FEATURE:0cxx_strong_enums
    Feature record: CXX_FEATURE:1cxx_template_template_parameters
    Feature record: CXX_FEATURE:0cxx_thread_local
    Feature record: CXX_FEATURE:0cxx_trailing_return_types
    Feature record: CXX_FEATURE:0cxx_unicode_literals
    Feature record: CXX_FEATURE:0cxx_uniform_initialization
    Feature record: CXX_FEATURE:0cxx_unrestricted_unions
    Feature record: CXX_FEATURE:0cxx_user_literals
    Feature record: CXX_FEATURE:0cxx_variable_templates
    Feature record: CXX_FEATURE:0cxx_variadic_macros
    Feature record: CXX_FEATURE:0cxx_variadic_templates
Performing C SOURCE FILE Test OpenMP_FLAG_DETECTED succeded with the following output:
Change Dir: /HISI/ARMLinux/Hi3536_SDK_V1.0.3.0/package/mpp/SeetaFaceEngine/FaceIdentification/build/CMakeFiles/CMakeTmp

Run Build Command:"/usr/bin/gmake" "cmTryCompileExec3750530326/fast"
/usr/bin/gmake -f CMakeFiles/cmTryCompileExec3750530326.dir/build.make CMakeFiles/cmTryCompileExec3750530326.dir/build
gmake[1]: Entering directory `/HISI/ARMLinux/Hi3536_SDK_V1.0.3.0/package/mpp/SeetaFaceEngine/FaceIdentification/build/CMakeFiles/CMakeTmp'
/usr/local/bin/cmake -E cmake_progress_report /HISI/ARMLinux/Hi3536_SDK_V1.0.3.0/package/mpp/SeetaFaceEngine/FaceIdentification/build/CMakeFiles/CMakeTmp/CMakeFiles 1
Building C object CMakeFiles/cmTryCompileExec3750530326.dir/src.c.o
/opt/hisi-linux/x86-arm/arm-hisiv300-linux/target/bin/arm-hisiv300-linux-gcc   -DOpenMP_FLAG_DETECTED -fopenmp   -o CMakeFiles/cmTryCompileExec3750530326.dir/src.c.o   -c /HISI/ARMLinux/Hi3536_SDK_V1.0.3.0/package/mpp/SeetaFaceEngine/FaceIdentification/build/CMakeFiles/CMakeTmp/src.c
Linking C executable cmTryCompileExec3750530326
/usr/local/bin/cmake -E cmake_link_script CMakeFiles/cmTryCompileExec3750530326.dir/link.txt --verbose=1
/opt/hisi-linux/x86-arm/arm-hisiv300-linux/target/bin/arm-hisiv300-linux-gcc   -DOpenMP_FLAG_DETECTED -fopenmp    CMakeFiles/cmTryCompileExec3750530326.dir/src.c.o  -o cmTryCompileExec3750530326 -rdynamic 
gmake[1]: Leaving directory `/HISI/ARMLinux/Hi3536_SDK_V1.0.3.0/package/mpp/SeetaFaceEngine/FaceIdentification/build/CMakeFiles/CMakeTmp'

Source file was:

#include <omp.h>
int main() {
#ifdef _OPENMP
  return 0;
#else
  breaks_on_purpose
#endif
}

Performing C++ SOURCE FILE Test OpenMP_FLAG_DETECTED succeded with the following output:
Change Dir: /HISI/ARMLinux/Hi3536_SDK_V1.0.3.0/package/mpp/SeetaFaceEngine/FaceIdentification/build/CMakeFiles/CMakeTmp

Run Build Command:"/usr/bin/gmake" "cmTryCompileExec3587129716/fast"
/usr/bin/gmake -f CMakeFiles/cmTryCompileExec3587129716.dir/build.make CMakeFiles/cmTryCompileExec3587129716.dir/build
gmake[1]: Entering directory `/HISI/ARMLinux/Hi3536_SDK_V1.0.3.0/package/mpp/SeetaFaceEngine/FaceIdentification/build/CMakeFiles/CMakeTmp'
/usr/local/bin/cmake -E cmake_progress_report /HISI/ARMLinux/Hi3536_SDK_V1.0.3.0/package/mpp/SeetaFaceEngine/FaceIdentification/build/CMakeFiles/CMakeTmp/CMakeFiles 1
Building CXX object CMakeFiles/cmTryCompileExec3587129716.dir/src.cxx.o
/opt/hisi-linux/x86-arm/arm-hisiv300-linux/target/bin/arm-hisiv300-linux-g++    -DOpenMP_FLAG_DETECTED -fopenmp   -o CMakeFiles/cmTryCompileExec3587129716.dir/src.cxx.o -c /HISI/ARMLinux/Hi3536_SDK_V1.0.3.0/package/mpp/SeetaFaceEngine/FaceIdentification/build/CMakeFiles/CMakeTmp/src.cxx
Linking CXX executable cmTryCompileExec3587129716
/usr/local/bin/cmake -E cmake_link_script CMakeFiles/cmTryCompileExec3587129716.dir/link.txt --verbose=1
/opt/hisi-linux/x86-arm/arm-hisiv300-linux/target/bin/arm-hisiv300-linux-g++    -DOpenMP_FLAG_DETECTED -fopenmp    CMakeFiles/cmTryCompileExec3587129716.dir/src.cxx.o  -o cmTryCompileExec3587129716 -rdynamic 
gmake[1]: Leaving directory `/HISI/ARMLinux/Hi3536_SDK_V1.0.3.0/package/mpp/SeetaFaceEngine/FaceIdentification/build/CMakeFiles/CMakeTmp'

Source file was:

#include <omp.h>
int main() {
#ifdef _OPENMP
  return 0;
#else
  breaks_on_purpose
#endif
}

